Microsemi Libero Software
Version: 11.8.2.4
Release: Libero SoC v11.8 SP2

Info: The design MARS_MB_rev1_top.adb was last modified by software version 11.8.2.4.
Opened an existing Libero design MARS_MB_rev1_top.adb.
'BA_NAME' set to 'MARS_MB_rev1_top_ba'
'IDE_DESIGNERVIEW_NAME' set to 'Impl1'
'IDE_DESIGNERVIEW_COUNT' set to '1'
'IDE_DESIGNERVIEW_REV0' set to 'Impl1'
'IDE_DESIGNERVIEW_REVNUM0' set to '1'
'IDE_DESIGNERVIEW_ROOTDIR' set to
'C:\Users\johnk\OneDrive\NCSR_Demokritos\Project_ESA\MARS_DAQ\Firmware_MB_FPGA\designer'
'IDE_DESIGNERVIEW_LASTREV' set to '1'

 Netlist Reading Time = 0.0 seconds
Imported the file:

C:\Users\johnk\OneDrive\NCSR_Demokritos\Project_ESA\MARS_DAQ\Firmware_MB_FPGA\synthesis\MARS_MB\
_rev1_top.edn

The Import command succeeded ( 00:00:01 )
=====================================================================
Parameters used to run compile:
===============================

Family      : IGLOO
Device      : AGLN020V5
Package     : 68 QFN
Source      :
C:\Users\johnk\OneDrive\NCSR_Demokritos\Project_ESA\MARS_DAQ\Firmware_MB_FPGA\synthesis\MARS_MB\
_rev1_top.edn
Format      : EDIF
Topcell     : MARS_MB_rev1_top
Speed grade : STD
Temp        : 0:25:70
Voltage     : 1.58:1.50:1.42

Keep Existing Physical Constraints : Yes
Keep Existing Timing Constraints   : Yes

pdc_abort_on_error                 : Yes
pdc_eco_display_unmatched_objects  : No
pdc_eco_max_warnings               : 10000

demote_globals                     : No
promote_globals                    : No
localclock_max_shared_instances    : 12
localclock_buffer_tree_max_fanout  : 12

combine_register                   : No
delete_buffer_tree                 : No

report_high_fanout_nets_limit      : 10

=====================================================================
Compile starts ...


Netlist Optimization Report
===========================

Optimized macros:
  - Dangling net drivers:   0
  - Buffers:                0
  - Inverters:              0
  - Tieoff:                 0
  - Logic combining:        3

    Total macros optimized  3

There were 0 error(s) and 0 warning(s) in this design.
=====================================================================

Reading previous post-compile physical placement constraints.


There were 0 error(s) and 0 warning(s).

=====================================================================
Compile report:
===============

    CORE                       Used:    483  Total:    520   (92.88%)
    IO (W/ clocks)             Used:     29  Total:     49   (59.18%)
    GLOBAL (Chip)              Used:      1  Total:      4   (25.00%)
    Low Static ICC             Used:      0  Total:      1   (0.00%)
    FlashROM                   Used:      0  Total:      1   (0.00%)
    User JTAG                  Used:      0  Total:      1   (0.00%)

Global Information:

    Type            | Used   | Total
    ----------------|--------|--------------
    Chip global     | 1      | 4  (25.00%)*

    (*) Chip globals may be assigned to Quadrant globals using the Multi-View Navigator (MVN)
        or Physical Design Constraints (PDC).
        They may also be assigned to Quadrant globals automatically during Layout.

Core Information:

    Type    | Instances    | Core tiles
    --------|--------------|-----------
    COMB    | 342          | 342
    SEQ     | 141          | 141

I/O Function:

    Type                                  | w/o register  | w/ register  | w/ DDR register
    --------------------------------------|---------------|--------------|----------------
    Input I/O                             | 7             | 0            | 0
    Output I/O                            | 22            | 0            | 0
    Bidirectional I/O                     | 0             | 0            | 0
    Differential Input I/O Pairs          | 0             | 0            | 0
    Differential Output I/O Pairs         | 0             | 0            | 0

I/O Technology:

                                    |   Voltages    |             I/Os
    --------------------------------|-------|-------|-------|--------|--------------
    I/O Standard(s)                 | Vcci  | Vref  | Input | Output | Bidirectional
    --------------------------------|-------|-------|-------|--------|--------------
    LVCMOS33                        | 3.30v | N/A   | 7     | 22     | 0

I/O Placement:

    Locked  :  29 ( 100.00% )
    Placed  :   0
    UnPlaced:   0

Net information report:
=======================

The following nets have been assigned to a chip global resource:
    Fanout  Type          Name
    --------------------------
    92      CLK_NET       Net   : Clk_USB_c
                          Driver: Clk_USB_pad
                          Source: NETLIST

High fanout nets in the post compile netlist:
    Fanout  Type          Name
    --------------------------
    28      CLK_NET       Net   : clk_100Khz
                          Driver: Clock_Divider_0/clk_100Khz
    25      CLK_NET       Net   : SPI_Interface_0/SPI_SCLK_buf
                          Driver: SPI_Interface_0/SPI_SCLK_buf_inferred_clock_RNO
    24      INT_NET       Net   : ADC_Interface_0/N_4_0
                          Driver: ADC_Interface_0/ADC_state_0_RNI2SB01[0]
    24      INT_NET       Net   : ADC_Interface_0/un1_adc_conv23
                          Driver: ADC_Interface_0/ADC_cntr_RNI7TP23[3]
    23      INT_NET       Net   : ADC_Interface_0/N_4
                          Driver: ADC_Interface_0/ADC_state_RNIJH8F1[0]
    22      INT_NET       Net   : SPI_CS_c
                          Driver: SPI_CS_pad
    19      INT_NET       Net   : DAQ_FSM_0/N_146_i_0
                          Driver: DAQ_FSM_0/DAQ_state[0]
    17      INT_NET       Net   : TX_Interface_0/TX_cntr[1]
                          Driver: TX_Interface_0/TX_cntr[1]
    15      INT_NET       Net   : TX_Interface_0/TX_cntr[3]
                          Driver: TX_Interface_0/TX_cntr[3]
    15      INT_NET       Net   : TX_Interface_0/TX_cntr[2]
                          Driver: TX_Interface_0/TX_cntr[2]

Nets that are candidates for clock assignment and the resulting fanout:
    Fanout  Type          Name
    --------------------------
    28      CLK_NET       Net   : clk_100Khz
                          Driver: Clock_Divider_0/clk_100Khz
    25      CLK_NET       Net   : SPI_Interface_0/SPI_SCLK_buf
                          Driver: SPI_Interface_0/SPI_SCLK_buf_inferred_clock_RNO
    24      INT_NET       Net   : ADC_Interface_0/N_4_0
                          Driver: ADC_Interface_0/ADC_state_0_RNI2SB01[0]
    24      INT_NET       Net   : ADC_Interface_0/un1_adc_conv23
                          Driver: ADC_Interface_0/ADC_cntr_RNI7TP23[3]
    23      INT_NET       Net   : ADC_Interface_0/N_4
                          Driver: ADC_Interface_0/ADC_state_RNIJH8F1[0]
    22      INT_NET       Net   : SPI_CS_c
                          Driver: SPI_CS_pad
    19      INT_NET       Net   : DAQ_FSM_0/N_146_i_0
                          Driver: DAQ_FSM_0/DAQ_state[0]
    17      INT_NET       Net   : TX_Interface_0/TX_cntr[1]
                          Driver: TX_Interface_0/TX_cntr[1]
    15      INT_NET       Net   : TX_Interface_0/TX_cntr[3]
                          Driver: TX_Interface_0/TX_cntr[3]
    15      INT_NET       Net   : TX_Interface_0/TX_cntr[2]
                          Driver: TX_Interface_0/TX_cntr[2]
====================
Flash*Freeze report:
====================

The design does not use the Flash*Freeze feature.

====================

The Compile command succeeded ( 00:00:01 )
Wrote status report to file: MARS_MB_rev1_top_compile_report.txt

The Report command succeeded ( 00:00:00 )
Wrote pin report to file: MARS_MB_rev1_top_report_pin_byname.txt

The Report command succeeded ( 00:00:00 )
Wrote pin report to file: MARS_MB_rev1_top_report_pin_bynumber.txt

The Report command succeeded ( 00:00:01 )
Design saved to file
C:\Users\johnk\OneDrive\NCSR_Demokritos\Project_ESA\MARS_DAQ\Firmware_MB_FPGA\designer\impl1\MA\
RS_MB_rev1_top.adb.

The Execute Script command succeeded ( 00:00:03 )
Design closed.

