Microsemi Libero Software
Version: 11.8.2.4
Release: Libero SoC v11.8 SP2

'IDE_DESIGNERVIEW_ROOTDIR' set to
'C:\Users\johnk\OneDrive\NCSR_Demokritos\ESA\MARS_DAQ\Firmware_MB_FPGA\designer'
Info: The design MARS_MB_rev1_top.adb was last modified by software version 11.8.2.4.
Opened an existing Libero design MARS_MB_rev1_top.adb.

The Execute Script command succeeded ( 00:00:28 )
Design saved to file
C:\Users\johnk\OneDrive\NCSR_Demokritos\ESA\MARS_DAQ\Firmware_MB_FPGA\designer\impl1\MARS_MB_re\
v1_top.adb.
Wrote pin report to file:
C:\Users\johnk\OneDrive\NCSR_Demokritos\ESA\MARS_DAQ\Firmware_MB_FPGA\designer\impl1\MARS_MB_re\
v1_top_report_pin_byname.txt

The Report command succeeded ( 00:00:01 )
Wrote pin report to file:
C:\Users\johnk\OneDrive\NCSR_Demokritos\ESA\MARS_DAQ\Firmware_MB_FPGA\designer\impl1\MARS_MB_re\
v1_top_report_pin_bynumber.txt

The Report command succeeded ( 00:00:01 )

The Execute Script command succeeded ( 00:00:02 )
Design closed.

