Target Part: AGLN020V5_QFN68_STD
Report for cell MARS_MB_rev1_top.rtl
  Core Cell usage:
              cell count     area count*area
              AND2     1      1.0        1.0
              AND3     6      1.0        6.0
               AO1     5      1.0        5.0
              AO13     9      1.0        9.0
              AO16     2      1.0        2.0
              AO18     7      1.0        7.0
              AO1A    10      1.0       10.0
              AO1C     1      1.0        1.0
              AOI1     4      1.0        4.0
             AOI1B     4      1.0        4.0
              AX1A     1      1.0        1.0
              AX1C     5      1.0        5.0
               GND     6      0.0        0.0
               INV     4      1.0        4.0
               MX2     6      1.0        6.0
              MX2A     2      1.0        2.0
              MX2B     3      1.0        3.0
              MX2C     3      1.0        3.0
              NOR2    10      1.0       10.0
             NOR2A    70      1.0       70.0
             NOR2B    41      1.0       41.0
              NOR3    11      1.0       11.0
             NOR3A     7      1.0        7.0
             NOR3B    18      1.0       18.0
             NOR3C     9      1.0        9.0
               OA1     4      1.0        4.0
              OA1A     2      1.0        2.0
              OA1C     3      1.0        3.0
               OR2    10      1.0       10.0
              OR2A     5      1.0        5.0
              OR2B     1      1.0        1.0
               OR3    11      1.0       11.0
              OR3A     7      1.0        7.0
              OR3B     6      1.0        6.0
              OR3C     2      1.0        2.0
               VCC     6      0.0        0.0
               XA1     5      1.0        5.0
              XA1A     2      1.0        2.0
              XA1B     1      1.0        1.0
              XA1C     4      1.0        4.0
              XAI1     3      1.0        3.0
               XO1     4      1.0        4.0
              XO1A     1      1.0        1.0
              XOR2    29      1.0       29.0
              XOR3     6      1.0        6.0


              DFN0    28      1.0       28.0
              DFN1    42      1.0       42.0
            DFN1C1     8      1.0        8.0
            DFN1E0    35      1.0       35.0
            DFN1E1    27      1.0       27.0
            DFN1P1     1      1.0        1.0
                   -----          ----------
             TOTAL   498               486.0


  IO Cell usage:
              cell count
            CLKBUF     1
             INBUF     6
            OUTBUF    22
                   -----
             TOTAL    29


Core Cells         : 486 of 520 (93%)
IO Cells           : 29
