A51 MACRO ASSEMBLER  DSCR                                                                 04/19/2018 12:49:51 PAGE     1


MACRO ASSEMBLER A51 V8.01
OBJECT MODULE PLACED IN dscr.OBJ
ASSEMBLER INVOKED BY: C:\Keil\C51\BIN\A51.EXE dscr.a51 SET(SMALL) DEBUG EP

LOC  OBJ            LINE     SOURCE

                       1     ;;-----------------------------------------------------------------------------
                       2     ;;   File:      dscr.a51
                       3     ;;   Contents:  This file contains descriptor data tables.  
                       4     ;;
                       5     ;;   Copyright (c) 2003 Cypress Semiconductor, Inc. All rights reserved
                       6     ;;-----------------------------------------------------------------------------
                       7        
  0001                 8     DSCR_DEVICE   equ   1  ;; Descriptor type: Device
  0002                 9     DSCR_CONFIG   equ   2  ;; Descriptor type: Configuration
  0003                10     DSCR_STRING   equ   3  ;; Descriptor type: String
  0004                11     DSCR_INTRFC   equ   4  ;; Descriptor type: Interface
  0005                12     DSCR_ENDPNT   equ   5  ;; Descriptor type: Endpoint
  0006                13     DSCR_DEVQUAL  equ   6  ;; Descriptor type: Device Qualifier
                      14     
  0012                15     DSCR_DEVICE_LEN   equ   18
  0009                16     DSCR_CONFIG_LEN   equ    9
  0009                17     DSCR_INTRFC_LEN   equ    9
  0007                18     DSCR_ENDPNT_LEN   equ    7
  000A                19     DSCR_DEVQUAL_LEN  equ   10
                      20     
  0000                21     ET_CONTROL   equ   0   ;; Endpoint type: Control
  0001                22     ET_ISO       equ   1   ;; Endpoint type: Isochronous
  0002                23     ET_BULK      equ   2   ;; Endpoint type: Bulk
  0003                24     ET_INT       equ   3   ;; Endpoint type: Interrupt
                      25     
                      26     public      DeviceDscr, DeviceQualDscr, HighSpeedConfigDscr, FullSpeedConfigDscr, StringDsc
                             r, UserDscr
                      27     
                      28     DSCR   SEGMENT   CODE PAGE
                      29     
                      30     ;;-----------------------------------------------------------------------------
                      31     ;; Global Variables
                      32     ;;-----------------------------------------------------------------------------
----                  33           rseg DSCR                 ;; locate the descriptor table in on-part memory.
                      34     
0000                  35     DeviceDscr:   
0000 12               36           db   DSCR_DEVICE_LEN      ;; Descriptor length
0001 01               37           db   DSCR_DEVICE          ;; Decriptor type
0002 0002             38           dw   0002H                ;; Specification Version (BCD)
0004 00               39           db   00H                  ;; Device class
0005 00               40           db   00H                  ;; Device sub-class
0006 00               41           db   00H                  ;; Device sub-sub-class
0007 40               42           db   64                   ;; Maximum packet size
                      43     ;;      dw   4705H                ;; Vendor ID
                      44     ;;      dw   0210H                ;; Product ID (Sample Device)
                      45     ;;      dw   0000H                ;; Product version ID
0008 B404             46           dw   0B404H      ;; Vendor ID
000A 1386             47           dw   1386H      ;; Product ID (Sample Device)
000C 0000             48           dw   0000H      ;; Product version ID
000E 01               49           db   1                    ;; Manufacturer string index
000F 02               50           db   2                    ;; Product string index
0010 00               51           db   0                    ;; Serial number string index
0011 01               52           db   1                    ;; Number of configurations
                      53     
0012                  54     DeviceQualDscr:
0012 0A               55           db   DSCR_DEVQUAL_LEN     ;; Descriptor length
0013 06               56           db   DSCR_DEVQUAL         ;; Decriptor type
0014 0002             57           dw   0002H                ;; Specification Version (BCD)
A51 MACRO ASSEMBLER  DSCR                                                                 04/19/2018 12:49:51 PAGE     2

0016 00               58           db   00H                  ;; Device class
0017 00               59           db   00H                  ;; Device sub-class
0018 00               60           db   00H                  ;; Device sub-sub-class
0019 40               61           db   64                   ;; Maximum packet size
001A 01               62           db   1                    ;; Number of configurations
001B 00               63           db   0                    ;; Reserved
                      64     
001C                  65     HighSpeedConfigDscr:   
001C 09               66           db   DSCR_CONFIG_LEN      ;; Descriptor length
001D 02               67           db   DSCR_CONFIG          ;; Descriptor type
001E 20               68           db   (HighSpeedConfigDscrEnd-HighSpeedConfigDscr) mod 256 ;; Total Length (LSB)
001F 00               69           db   (HighSpeedConfigDscrEnd-HighSpeedConfigDscr)  /  256 ;; Total Length (MSB)
0020 01               70           db   1                    ;; Number of interfaces
0021 01               71           db   1                    ;; Configuration number
0022 00               72           db   0                    ;; Configuration string
0023 80               73           db   10000000b            ;; Attributes (b7 - buspwr, b6 - selfpwr, b5 - rwu)
0024 32               74           db   50                   ;; Power requirement (div 2 ma)
                      75     
                      76     ;; Interface Descriptor
0025 09               77           db   DSCR_INTRFC_LEN      ;; Descriptor length
0026 04               78           db   DSCR_INTRFC          ;; Descriptor type
0027 00               79           db   0                    ;; Zero-based index of this interface
0028 00               80           db   0                    ;; Alternate setting
0029 02               81           db   2                    ;; Number of end points 
002A FF               82           db   0ffH                 ;; Interface class
002B 00               83           db   00H                  ;; Interface sub class
002C 00               84           db   00H                  ;; Interface sub sub class
002D 00               85           db   0                    ;; Interface descriptor string index
                      86           
                      87     ;; Endpoint Descriptor
002E 07               88           db   DSCR_ENDPNT_LEN      ;; Descriptor length
002F 05               89           db   DSCR_ENDPNT          ;; Descriptor type
0030 02               90           db   02H                  ;; Endpoint number, and direction
0031 02               91           db   ET_BULK              ;; Endpoint type
0032 00               92           db   00H                  ;; Maximum packet size (LSB)
0033 02               93           db   02H                  ;; Maximum packet size (MSB)
0034 00               94           db   00H                  ;; Polling interval
                      95     
                      96     
                      97     ;; Endpoint Descriptor
0035 07               98           db   DSCR_ENDPNT_LEN      ;; Descriptor length
0036 05               99           db   DSCR_ENDPNT          ;; Descriptor type
0037 86              100           db   86H                  ;; Endpoint number, and direction
0038 02              101           db   ET_BULK              ;; Endpoint type
0039 00              102           db   00H                  ;; Maximum packet size (LSB)
003A 02              103           db   02H                  ;; Maximum packet size (MSB)
003B 00              104           db   00H                  ;; Polling interval
                     105     
003C                 106     HighSpeedConfigDscrEnd:   
                     107     
003C                 108     FullSpeedConfigDscr:   
003C 09              109           db   DSCR_CONFIG_LEN      ;; Descriptor length
003D 02              110           db   DSCR_CONFIG          ;; Descriptor type
003E 20              111           db   (FullSpeedConfigDscrEnd-FullSpeedConfigDscr) mod 256 ;; Total Length (LSB)
003F 00              112           db   (FullSpeedConfigDscrEnd-FullSpeedConfigDscr)  /  256 ;; Total Length (MSB)
0040 01              113           db   1                    ;; Number of interfaces
0041 01              114           db   1                    ;; Configuration number
0042 00              115           db   0                    ;; Configuration string
0043 80              116           db   10000000b            ;; Attributes (b7 - buspwr, b6 - selfpwr, b5 - rwu)
0044 32              117           db   50                   ;; Power requirement (div 2 ma)
                     118     
                     119     ;; Interface Descriptor
0045 09              120           db   DSCR_INTRFC_LEN      ;; Descriptor length
0046 04              121           db   DSCR_INTRFC          ;; Descriptor type
0047 00              122           db   0                    ;; Zero-based index of this interface
0048 00              123           db   0                    ;; Alternate setting
A51 MACRO ASSEMBLER  DSCR                                                                 04/19/2018 12:49:51 PAGE     3

0049 02              124           db   2                    ;; Number of end points 
004A FF              125           db   0ffH                 ;; Interface class
004B 00              126           db   00H                  ;; Interface sub class
004C 00              127           db   00H                  ;; Interface sub sub class
004D 00              128           db   0                    ;; Interface descriptor string index
                     129           
                     130     ;; Endpoint Descriptor
004E 07              131           db   DSCR_ENDPNT_LEN      ;; Descriptor length
004F 05              132           db   DSCR_ENDPNT          ;; Descriptor type
0050 02              133           db   02H                  ;; Endpoint number, and direction
0051 02              134           db   ET_BULK              ;; Endpoint type
0052 40              135           db   40H                  ;; Maximum packet size (LSB)
0053 00              136           db   00H                  ;; Maximum packet size (MSB)
0054 00              137           db   00H                  ;; Polling interval
                     138     
                     139     ;; Endpoint Descriptor
0055 07              140           db   DSCR_ENDPNT_LEN      ;; Descriptor length
0056 05              141           db   DSCR_ENDPNT          ;; Descriptor type
0057 86              142           db   86H                  ;; Endpoint number, and direction
0058 02              143           db   ET_BULK              ;; Endpoint type
0059 40              144           db   40H                  ;; Maximum packet size (LSB)
005A 00              145           db   00H                  ;; Maximum packet size (MSB)
005B 00              146           db   00H                  ;; Polling interval
                     147     
005C                 148     FullSpeedConfigDscrEnd:   
                     149     
005C                 150     StringDscr:
                     151     
005C                 152     StringDscr0:   
005C 04              153           db   StringDscr0End-StringDscr0      ;; String descriptor length
005D 03              154           db   DSCR_STRING
005E 0904            155           db   09H,04H
0060                 156     StringDscr0End:
                     157     
0060                 158     StringDscr1:   
0060 10              159           db   StringDscr1End-StringDscr1      ;; String descriptor length
0061 03              160           db   DSCR_STRING
0062 4300            161           db   'C',00
0064 7900            162           db   'y',00
0066 7000            163           db   'p',00
0068 7200            164           db   'r',00
006A 6500            165           db   'e',00
006C 7300            166           db   's',00
006E 7300            167           db   's',00
0070                 168     StringDscr1End:
                     169     
0070                 170     StringDscr2:   
0070 36              171           db   StringDscr2End-StringDscr2      ;; Descriptor length
0071 03              172           db   DSCR_STRING
0072 4500            173           db   'E',00
0074 5A00            174           db   'Z',00
0076 2D00            175           db   '-',00
0078 5500            176           db   'U',00
007A 5300            177           db   'S',00
007C 4200            178           db   'B',00
007E 2000            179           db   ' ',00
0080 4600            180           db   'F',00
0082 5800            181           db   'X',00
0084 3200            182           db   '2',00
0086 2000            183           db   ' ',00
0088 4700            184           db   'G',00
008A 5000            185           db   'P',00
008C 4900            186           db   'I',00
008E 4600            187           db   'F',00
0090 2000            188           db   ' ',00
0092 7400            189           db   't',00
A51 MACRO ASSEMBLER  DSCR                                                                 04/19/2018 12:49:51 PAGE     4

0094 6F00            190           db   'o',00
0096 2000            191           db   ' ',00
0098 5000            192           db   'P',00
009A 4900            193           db   'I',00
009C 4400            194           db   'D',00
009E 2D00            195           db   '-',00
00A0 3300            196           db   '3',00
00A2 3500            197           db   '5',00
00A4 3000            198           db   '0',00
00A6                 199     StringDscr2End:
                     200     
00A6                 201     UserDscr:      
00A6 0000            202           dw   0000H
                     203           end
                                   
A51 MACRO ASSEMBLER  DSCR                                                                 04/19/2018 12:49:51 PAGE     5

SYMBOL TABLE LISTING
------ ----- -------


N A M E                 T Y P E  V A L U E   ATTRIBUTES

DEVICEDSCR . . . . . .  C ADDR   0000H   R   SEG=DSCR
DEVICEQUALDSCR . . . .  C ADDR   0012H   R   SEG=DSCR
DSCR . . . . . . . . .  C SEG    00A8H       REL=PAGE
DSCR_CONFIG. . . . . .  N NUMB   0002H   A   
DSCR_CONFIG_LEN. . . .  N NUMB   0009H   A   
DSCR_DEVICE. . . . . .  N NUMB   0001H   A   
DSCR_DEVICE_LEN. . . .  N NUMB   0012H   A   
DSCR_DEVQUAL . . . . .  N NUMB   0006H   A   
DSCR_DEVQUAL_LEN . . .  N NUMB   000AH   A   
DSCR_ENDPNT. . . . . .  N NUMB   0005H   A   
DSCR_ENDPNT_LEN. . . .  N NUMB   0007H   A   
DSCR_INTRFC. . . . . .  N NUMB   0004H   A   
DSCR_INTRFC_LEN. . . .  N NUMB   0009H   A   
DSCR_STRING. . . . . .  N NUMB   0003H   A   
ET_BULK. . . . . . . .  N NUMB   0002H   A   
ET_CONTROL . . . . . .  N NUMB   0000H   A   
ET_INT . . . . . . . .  N NUMB   0003H   A   
ET_ISO . . . . . . . .  N NUMB   0001H   A   
FULLSPEEDCONFIGDSCR. .  C ADDR   003CH   R   SEG=DSCR
FULLSPEEDCONFIGDSCREND  C ADDR   005CH   R   SEG=DSCR
HIGHSPEEDCONFIGDSCR. .  C ADDR   001CH   R   SEG=DSCR
HIGHSPEEDCONFIGDSCREND  C ADDR   003CH   R   SEG=DSCR
STRINGDSCR . . . . . .  C ADDR   005CH   R   SEG=DSCR
STRINGDSCR0. . . . . .  C ADDR   005CH   R   SEG=DSCR
STRINGDSCR0END . . . .  C ADDR   0060H   R   SEG=DSCR
STRINGDSCR1. . . . . .  C ADDR   0060H   R   SEG=DSCR
STRINGDSCR1END . . . .  C ADDR   0070H   R   SEG=DSCR
STRINGDSCR2. . . . . .  C ADDR   0070H   R   SEG=DSCR
STRINGDSCR2END . . . .  C ADDR   00A6H   R   SEG=DSCR
USERDSCR . . . . . . .  C ADDR   00A6H   R   SEG=DSCR


REGISTER BANK(S) USED: 0 


ASSEMBLY COMPLETE.  0 WARNING(S), 0 ERROR(S)
